Sarıyer cluster

************************************** create conda ENV *****************************************************
# Load Anaconda and source the conda.sh script
module load ANACONDA/Anaconda3-2023.09-0-python-3.11
source /ari/progs/ANACONDA/Anaconda3-2023.09-0-python-3.11/etc/profile.d/conda.sh

# Create a new conda environment in your home directory
conda create -p ~/ruruCMR python=3.11

# Activate the environment
conda activate ~/ruruCMR

# Install PyTorch and other dependencies
conda install pytorch torchvision torchaudio -c pytorch
******************************************************************************************************************
pip install torch torchvision torchaudio --index-url https://download.pytorch.org/whl/cu117
python -c "import torch; print(torch.__version__)"
pip install fastmri
pip install pytorch_msssim
pip install tensorboard
remove the entire .conda directory: rm -rf ~/.conda


every time when enter the server

module load ANACONDA/Anaconda3-2023.09-0-python-3.11
source /ari/progs/ANACONDA/Anaconda3-2023.09-0-python-3.11/etc/profile.d/conda.sh
conda activate ~/ruruCMR


check the storage of currunt folder:   du -sh .
clear the cache:     rm -rf ~/.cache/*
Check storage of Hidden Files/Directories: du -sh .[!.]* 2>/dev/null
Check Job Status with squeue:   squeue -u $USER

kill job id:  scancel 245583
To monitor your job status: watch -n 0 squeue -u $USER
To monitor available nodes: watch -n 0 bosmakinalar
    use the tail command to monitor the log file being generated by Slurm:  tail -f slurm.245587.err
[rxu@altay:~/training_task2 ]$ isler
       JobID    JobName  Partition    Account  AllocCPUS      State    Elapsed ExitCode        NodeList